<?xml version="1.0" encoding="UTF-8"?>
<robot generator="Robot 7.3.2 (Python 3.13.9 on win32)" generated="2026-01-28T19:29:12.086062" rpa="false" schemaversion="5">
<suite id="s1" name="Robot Python" source="C:\Users\Vericoders\Desktop\robot_python">
<suite id="s1-s1" name="Tests" source="C:\Users\Vericoders\Desktop\robot_python\tests">
<suite id="s1-s1-s1" name="Backend" source="C:\Users\Vericoders\Desktop\robot_python\tests\backend">
<suite id="s1-s1-s1-s1" name="Login Test" source="C:\Users\Vericoders\Desktop\robot_python\tests\backend\login_test.robot">
<test id="s1-s1-s1-s1-t1" name="Login Simples" line="6">
<kw name="Criar Sessao" owner="keywords_backend">
<kw name="Create Dictionary" owner="BuiltIn">
<msg time="2026-01-28T19:29:12.524106" level="INFO">${body} = {'email': 'fabio.knupp@gmail.com', 'senha': 'knupp123'}</msg>
<var>${body}</var>
<arg>email=${email}</arg>
<arg>senha=${password}</arg>
<doc>Creates and returns a dictionary based on the given ``items``.</doc>
<status status="PASS" start="2026-01-28T19:29:12.522291" elapsed="0.002200"/>
</kw>
<kw name="Create Session" owner="RequestsLibrary">
<msg time="2026-01-28T19:29:12.526204" level="INFO">Creating Session using : alias=api, url=https://barrigarest.wcaquino.me, headers={},                     cookies={}, auth=None, timeout=None, proxies=None, verify=False,                     debug=0 </msg>
<arg>api</arg>
<arg>${url}</arg>
<doc>Create Session: create a HTTP session to a server</doc>
<status status="PASS" start="2026-01-28T19:29:12.525036" elapsed="0.001911"/>
</kw>
<return>
<value>${body}</value>
<status status="PASS" start="2026-01-28T19:29:12.527284" elapsed="0.000758"/>
</return>
<msg time="2026-01-28T19:29:12.528514" level="INFO">${body} = {'email': 'fabio.knupp@gmail.com', 'senha': 'knupp123'}</msg>
<var>${body}</var>
<arg>${EMAIL_VALIDO}</arg>
<arg>${SENHA_VALIDA}</arg>
<arg>${BASE_URL}</arg>
<status status="PASS" start="2026-01-28T19:29:12.520280" elapsed="0.008741"/>
</kw>
<kw name="Fazer Login" owner="keywords_backend">
<kw name="POST On Session" owner="RequestsLibrary">
<msg time="2026-01-28T19:29:18.119135" level="INFO">POST Request : url=https://barrigarest.wcaquino.me/signin 
 path_url=/signin 
 headers={'User-Agent': 'python-requests/2.32.5', 'Accept-Encoding': 'gzip, deflate', 'Accept': '*/*', 'Connection': 'keep-alive', 'Content-Length': '55', 'Content-Type': 'application/json'} 
 body=b'{"email": "fabio.knupp@gmail.com", "senha": "knupp123"}' 
 </msg>
<msg time="2026-01-28T19:29:18.119733" level="INFO">POST Response : url=https://barrigarest.wcaquino.me/signin 
 status=200, reason=OK 
 headers={'Server': 'nginx/1.12.1 (Ubuntu)', 'Date': 'Wed, 28 Jan 2026 22:29:17 GMT', 'Content-Type': 'application/json; charset=utf-8', 'Content-Length': '134', 'Connection': 'keep-alive', 'X-Powered-By': 'Express', 'Access-Control-Allow-Origin': '*', 'ETag': 'W/"86-KkECrT36wMDvAeFtfTNhHH2U9wU"'} 
 body={"id":1422,"nome":"Fábio","token":"eyJ0eXAiOiJKV1QiLCJhbGciOiJIUzI1NiJ9.eyJpZCI6MTQyMn0.df99_G7GQzhVq0erarDCYc9Tkn8L6PoVh1HWnWQx1wg"} 
 </msg>
<msg time="2026-01-28T19:29:18.120102" level="INFO">C:\Users\Vericoders\AppData\Local\Programs\Python\Python313\Lib\site-packages\urllib3\connectionpool.py:1097: InsecureRequestWarning: Unverified HTTPS request is being made to host 'barrigarest.wcaquino.me'. Adding certificate verification is strongly advised. See: https://urllib3.readthedocs.io/en/latest/advanced-usage.html#tls-warnings
  warnings.warn(</msg>
<msg time="2026-01-28T19:29:18.121473" level="INFO">${resp} = &lt;Response [200]&gt;</msg>
<var>${resp}</var>
<arg>api</arg>
<arg>/signin</arg>
<arg>json=${body}</arg>
<doc>Sends a POST request on a previously created HTTP Session.</doc>
<status status="PASS" start="2026-01-28T19:29:12.532254" elapsed="5.589970"/>
</kw>
<kw name="Set Variable" owner="BuiltIn">
<msg time="2026-01-28T19:29:26.459564" level="INFO">${token} = eyJ0eXAiOiJKV1QiLCJhbGciOiJIUzI1NiJ9.eyJpZCI6MTQyMn0.df99_G7GQzhVq0erarDCYc9Tkn8L6PoVh1HWnWQx1wg</msg>
<var>${token}</var>
<arg>${resp.json()}[token]</arg>
<doc>Returns the given values which can then be assigned to a variables.</doc>
<status status="PASS" start="2026-01-28T19:29:18.123020" elapsed="8.337920"/>
</kw>
<kw name="Set Test Variable" owner="BuiltIn">
<msg time="2026-01-28T19:29:31.038882" level="INFO">${TOKEN} = eyJ0eXAiOiJKV1QiLCJhbGciOiJIUzI1NiJ9.eyJpZCI6MTQyMn0.df99_G7GQzhVq0erarDCYc9Tkn8L6PoVh1HWnWQx1wg</msg>
<arg>${TOKEN}</arg>
<arg>${token}</arg>
<doc>Makes a variable available everywhere within the scope of the current test.</doc>
<status status="PASS" start="2026-01-28T19:29:26.462820" elapsed="4.576938"/>
</kw>
<msg time="2026-01-28T19:29:31.040530" level="INFO">${resp} = None</msg>
<var>${resp}</var>
<arg>${body}</arg>
<status status="PASS" start="2026-01-28T19:29:12.530104" elapsed="18.511431"/>
</kw>
<kw name="Status Should Be" owner="RequestsLibrary">
<arg>200</arg>
<arg>${resp}</arg>
<doc>Fails if response status code is different than the expected.</doc>
<status status="PASS" start="2026-01-28T19:29:31.042688" elapsed="2.395649"/>
</kw>
<status status="PASS" start="2026-01-28T19:29:12.507252" elapsed="20.932226"/>
</test>
<status status="PASS" start="2026-01-28T19:29:12.215109" elapsed="21.235498"/>
</suite>
<status status="PASS" start="2026-01-28T19:29:12.192673" elapsed="21.273307"/>
</suite>
<status status="PASS" start="2026-01-28T19:29:12.180693" elapsed="21.298692"/>
</suite>
<status status="PASS" start="2026-01-28T19:29:12.102251" elapsed="21.436580"/>
</suite>
<statistics>
<total>
<stat pass="1" fail="0" skip="0">All Tests</stat>
</total>
<tag>
</tag>
<suite>
<stat name="Robot Python" id="s1" pass="1" fail="0" skip="0">Robot Python</stat>
<stat name="Tests" id="s1-s1" pass="1" fail="0" skip="0">Robot Python.Tests</stat>
<stat name="Backend" id="s1-s1-s1" pass="1" fail="0" skip="0">Robot Python.Tests.Backend</stat>
<stat name="Login Test" id="s1-s1-s1-s1" pass="1" fail="0" skip="0">Robot Python.Tests.Backend.Login Test</stat>
</suite>
</statistics>
<errors>
</errors>
</robot>
